<?xml version="1.0" encoding="UTF-8"?>
<testsuite xmlns:xsi="http://www.w3.org/2001/XMLSchema-instance" xsi:noNamespaceSchemaLocation="https://maven.apache.org/surefire/maven-surefire-plugin/xsd/surefire-test-report-3.0.xsd" version="3.0" name="jar.BookshelfTest" time="0.033" tests="11" errors="0" skipped="0" failures="0">
  <properties>
    <property name="sun.desktop" value="gnome"/>
    <property name="awt.toolkit" value="sun.awt.X11.XToolkit"/>
    <property name="file.encoding.pkg" value="sun.io"/>
    <property name="java.specification.version" value="1.8"/>
    <property name="sun.cpu.isalist" value=""/>
    <property name="sun.jnu.encoding" value="UTF-8"/>
    <property name="java.class.path" value="/home/berzel/Documents/code/junit/junit-app/target/test-classes:/home/berzel/Documents/code/junit/junit-app/target/classes:/home/berzel/.m2/repository/org/junit/platform/junit-platform-engine/1.5.1/junit-platform-engine-1.5.1.jar:/home/berzel/.m2/repository/org/apiguardian/apiguardian-api/1.1.0/apiguardian-api-1.1.0.jar:/home/berzel/.m2/repository/org/opentest4j/opentest4j/1.2.0/opentest4j-1.2.0.jar:/home/berzel/.m2/repository/org/junit/platform/junit-platform-commons/1.5.1/junit-platform-commons-1.5.1.jar:/home/berzel/.m2/repository/org/junit/jupiter/junit-jupiter-api/5.5.1/junit-jupiter-api-5.5.1.jar:/home/berzel/.m2/repository/org/assertj/assertj-core/3.11.1/assertj-core-3.11.1.jar:/home/berzel/.m2/repository/org/mockito/mockito-core/3.0.0/mockito-core-3.0.0.jar:/home/berzel/.m2/repository/net/bytebuddy/byte-buddy/1.9.10/byte-buddy-1.9.10.jar:/home/berzel/.m2/repository/net/bytebuddy/byte-buddy-agent/1.9.10/byte-buddy-agent-1.9.10.jar:/home/berzel/.m2/repository/org/objenesis/objenesis/2.6/objenesis-2.6.jar:"/>
    <property name="java.vm.vendor" value="Oracle Corporation"/>
    <property name="sun.arch.data.model" value="64"/>
    <property name="java.vendor.url" value="http://java.oracle.com/"/>
    <property name="user.timezone" value=""/>
    <property name="java.vm.specification.version" value="1.8"/>
    <property name="os.name" value="Linux"/>
    <property name="user.country" value="ZW"/>
    <property name="sun.java.launcher" value="SUN_STANDARD"/>
    <property name="sun.boot.library.path" value="/etc/jdk1.8.0_212/jre/lib/amd64"/>
    <property name="sun.java.command" value="/home/berzel/Documents/code/junit/junit-app/target/surefire/surefirebooter8177380080441129030.jar /home/berzel/Documents/code/junit/junit-app/target/surefire 2019-08-18T17-57-59_997-jvmRun1 surefire5313868066073099951tmp surefire_08905137382981930401tmp"/>
    <property name="surefire.test.class.path" value="/home/berzel/Documents/code/junit/junit-app/target/test-classes:/home/berzel/Documents/code/junit/junit-app/target/classes:/home/berzel/.m2/repository/org/junit/platform/junit-platform-engine/1.5.1/junit-platform-engine-1.5.1.jar:/home/berzel/.m2/repository/org/apiguardian/apiguardian-api/1.1.0/apiguardian-api-1.1.0.jar:/home/berzel/.m2/repository/org/opentest4j/opentest4j/1.2.0/opentest4j-1.2.0.jar:/home/berzel/.m2/repository/org/junit/platform/junit-platform-commons/1.5.1/junit-platform-commons-1.5.1.jar:/home/berzel/.m2/repository/org/junit/jupiter/junit-jupiter-api/5.5.1/junit-jupiter-api-5.5.1.jar:/home/berzel/.m2/repository/org/assertj/assertj-core/3.11.1/assertj-core-3.11.1.jar:/home/berzel/.m2/repository/org/mockito/mockito-core/3.0.0/mockito-core-3.0.0.jar:/home/berzel/.m2/repository/net/bytebuddy/byte-buddy/1.9.10/byte-buddy-1.9.10.jar:/home/berzel/.m2/repository/net/bytebuddy/byte-buddy-agent/1.9.10/byte-buddy-agent-1.9.10.jar:/home/berzel/.m2/repository/org/objenesis/objenesis/2.6/objenesis-2.6.jar:"/>
    <property name="sun.cpu.endian" value="little"/>
    <property name="user.home" value="/home/berzel"/>
    <property name="user.language" value="en"/>
    <property name="java.specification.vendor" value="Oracle Corporation"/>
    <property name="java.home" value="/etc/jdk1.8.0_212/jre"/>
    <property name="basedir" value="/home/berzel/Documents/code/junit/junit-app"/>
    <property name="file.separator" value="/"/>
    <property name="line.separator" value="&#10;"/>
    <property name="java.vm.specification.vendor" value="Oracle Corporation"/>
    <property name="java.specification.name" value="Java Platform API Specification"/>
    <property name="java.awt.graphicsenv" value="sun.awt.X11GraphicsEnvironment"/>
    <property name="surefire.real.class.path" value="/home/berzel/Documents/code/junit/junit-app/target/surefire/surefirebooter8177380080441129030.jar"/>
    <property name="sun.boot.class.path" value="/etc/jdk1.8.0_212/jre/lib/resources.jar:/etc/jdk1.8.0_212/jre/lib/rt.jar:/etc/jdk1.8.0_212/jre/lib/sunrsasign.jar:/etc/jdk1.8.0_212/jre/lib/jsse.jar:/etc/jdk1.8.0_212/jre/lib/jce.jar:/etc/jdk1.8.0_212/jre/lib/charsets.jar:/etc/jdk1.8.0_212/jre/lib/jfr.jar:/etc/jdk1.8.0_212/jre/classes"/>
    <property name="sun.management.compiler" value="HotSpot 64-Bit Tiered Compilers"/>
    <property name="java.runtime.version" value="1.8.0_212-b10"/>
    <property name="user.name" value="berzel"/>
    <property name="path.separator" value=":"/>
    <property name="os.version" value="5.0.0-25-generic"/>
    <property name="java.endorsed.dirs" value="/etc/jdk1.8.0_212/jre/lib/endorsed"/>
    <property name="java.runtime.name" value="Java(TM) SE Runtime Environment"/>
    <property name="file.encoding" value="UTF-8"/>
    <property name="java.vm.name" value="Java HotSpot(TM) 64-Bit Server VM"/>
    <property name="localRepository" value="/home/berzel/.m2/repository"/>
    <property name="java.vendor.url.bug" value="http://bugreport.sun.com/bugreport/"/>
    <property name="java.io.tmpdir" value="/tmp"/>
    <property name="java.version" value="1.8.0_212"/>
    <property name="user.dir" value="/home/berzel/Documents/code/junit/junit-app"/>
    <property name="os.arch" value="amd64"/>
    <property name="java.vm.specification.name" value="Java Virtual Machine Specification"/>
    <property name="java.awt.printerjob" value="sun.print.PSPrinterJob"/>
    <property name="sun.os.patch.level" value="unknown"/>
    <property name="java.library.path" value="/usr/java/packages/lib/amd64:/usr/lib64:/lib64:/lib:/usr/lib"/>
    <property name="java.vm.info" value="mixed mode"/>
    <property name="java.vendor" value="Oracle Corporation"/>
    <property name="java.vm.version" value="25.212-b10"/>
    <property name="java.ext.dirs" value="/etc/jdk1.8.0_212/jre/lib/ext:/usr/java/packages/lib/ext"/>
    <property name="sun.io.unicode.encoding" value="UnicodeLittle"/>
    <property name="java.class.version" value="52.0"/>
  </properties>
  <testcase name="should_haveTwoBooksWhenTwoBooksAdded" classname="jar.BookshelfTest" time="0"/>
  <testcase name="should_notAddABookThatAlreadyExists" classname="jar.BookshelfTest" time="0"/>
  <testcase name="should_throwAnExceptionWhenModifyBooksReturned" classname="jar.BookshelfTest" time="0"/>
  <testcase name="should_notAlterOriginalOrderAfterArranging" classname="jar.BookshelfTest" time="0"/>
  <testcase name="should_groupByProvidedCriteria" classname="jar.BookshelfTest" time="0.003"/>
  <testcase name="should_containAddedBooks" classname="jar.BookshelfTest" time="0.003"/>
  <testcase name="should_beEmptyWhenAddHasNoBooks" classname="jar.BookshelfTest" time="0.002"/>
  <testcase name="should_groupBooksByYear" classname="jar.BookshelfTest" time="0.002"/>
  <testcase name="should_beEmptyWhenNoBooksAdded" classname="jar.BookshelfTest" time="0.003"/>
  <testcase name="should_sortByAuthor" classname="jar.BookshelfTest" time="0.004"/>
  <testcase name="should_arrangeBooksByTitle" classname="jar.BookshelfTest" time="0.002"/>
</testsuite>